<?xml version="1.0" encoding="UTF-8"?>
<testsuite name="tests.GroupCreationTests" tests="1" skipped="1" failures="0" errors="0" timestamp="2017-09-21T10:54:14" hostname="uasso-PC" time="0.0">
  <properties/>
  <testcase name="tesGroupCreation" classname="tests.GroupCreationTests" time="0.0">
    <skipped/>
  </testcase>
  <system-out><![CDATA[]]></system-out>
  <system-err><![CDATA[]]></system-err>
</testsuite>
