<?xml version="1.0" encoding="UTF-8"?>
<testsuite name="tests.GroupModificationTests" tests="1" skipped="0" failures="0" errors="0" timestamp="2017-09-21T10:55:06" hostname="uasso-PC" time="10.192">
  <properties/>
  <testcase name="testGroupModification" classname="tests.GroupModificationTests" time="10.192"/>
  <system-out><![CDATA[]]></system-out>
  <system-err><![CDATA[]]></system-err>
</testsuite>
