<?xml version="1.0" encoding="UTF-8"?>
<testsuite name="tests.UserDeletionTests" tests="1" skipped="0" failures="1" errors="0" timestamp="2017-09-20T11:56:36" hostname="uasso-PC" time="59.377">
  <properties/>
  <testcase name="testGroupModification" classname="tests.UserDeletionTests" time="59.377">
    <failure message="java.lang.AssertionError: List of groups after deletion is not equal to ethalon! expected [[model.UserData@42607862, model.UserData@4a882a8b, model.UserData@3048864b, model.UserData@40856680, model.UserData@62c61cc0, model.UserData@75857d8d, model.UserData@5ec11ecd, model.UserData@4e72da7f, model.UserData@2818f40c, model.UserData@7099d68d, model.UserData@23491750, model.UserData@23d3e1c9, model.UserData@586f7273, model.UserData@1636a02b, model.UserData@3d717b55, model.UserData@733e691b, model.UserData@31cd91e5, model.UserData@363ca211, model.UserData@1bc54deb, model.UserData@1b74d147, model.UserData@5a3df809, model.UserData@7af4a8c3, model.UserData@38d5bee8, model.UserData@5856da14, model.UserData@34032041, model.UserData@6e1c4a5b, model.UserData@72b590f2, model.UserData@5b745f0, model.UserData@7171d539, model.UserData@28816cc8, model.UserData@229a98d0, model.UserData@1ee6e6aa, model.UserData@7a5ba417, model.UserData@aba24f4, model.UserData@3b33237c, model.UserData@6f760d22, model.UserData@38eb82b3, model.UserData@73738f29, model.UserData@68f946a3, model.UserData@4dc4e19e, model.UserData@76ce2895, model.UserData@f65b139, model.UserData@70943ac8, model.UserData@7c72e82c, model.UserData@5319937b, model.UserData@106e220c, model.UserData@4ce06e83, model.UserData@20a0dec4, model.UserData@403be25e, model.UserData@600d566b, model.UserData@6d730d19, model.UserData@78335a5d, model.UserData@51ce49bf, model.UserData@71a6fbd5, model.UserData@5153f66, model.UserData@4ef44087, model.UserData@1f6f0d1c, model.UserData@47afadd9, model.UserData@40f4ee89, model.UserData@3d51c1d1, model.UserData@1c948814, model.UserData@36fa6e78, model.UserData@30adf22b, model.UserData@4caa0c22, model.UserData@6857fadb, model.UserData@53aea520, model.UserData@5efa5668, model.UserData@5ae30e71, model.UserData@25c6b152, model.UserData@57a28939, model.UserData@435e79c2, model.UserData@3de6e546, model.UserData@3e3bd40, model.UserData@149bf83c, model.UserData@625f56f6, model.UserData@5e0216a8, model.UserData@44791ad5, model.UserData@fe7a948, model.UserData@3b9d792f, model.UserData@152e039a, model.UserData@7dc36179, model.UserData@7bdd4f66, model.UserData@580258b9, model.UserData@7e99e625, model.UserData@7c960c2b, model.UserData@3a9ff621, model.UserData@637841b8, model.UserData@562a22e8, model.UserData@3689da4e, model.UserData@2e7492b3, model.UserData@1b2801e0, model.UserData@2b7b09b2, model.UserData@24afac65, model.UserData@58fc5c30, model.UserData@f80cd4f, model.UserData@32f69824, model.UserData@b1225c1, model.UserData@1532787, model.UserData@707894af, model.UserData@7bae0375, model.UserData@7f593f82, model.UserData@74af1273, model.UserData@31f22f2c, model.UserData@6c2932cd, model.UserData@5489746d, model.UserData@598c8969, model.UserData@c4a72ac, model.UserData@2bc20132, model.UserData@259fe96c, model.UserData@626e509d, model.UserData@221ea8ea, model.UserData@7ff92f0c, model.UserData@5e77148e, model.UserData@23251ddc, model.UserData@34e6781d, model.UserData@7c4c1eb7, model.UserData@2c581c7, model.UserData@424aa948, model.UserData@3378ea7c, model.UserData@6ff780f3, model.UserData@7cf043f6, model.UserData@6ad4f3de, model.UserData@6daf1d1, model.UserData@60367b27, model.UserData@2ef1d1e3, model.UserData@58a859bb, model.UserData@6da2a6b5, model.UserData@2304941f, model.UserData@3d581447, model.UserData@3f95ceb5, model.UserData@6647e965, model.UserData@748f39a4, model.UserData@349b95ad, model.UserData@60ef65d9, model.UserData@43dffae9, model.UserData@2a8b55b3, model.UserData@1f19ba21, model.UserData@2cee4fd5, model.UserData@67fa1cc7, model.UserData@2b87b4b8, model.UserData@68a89fe1, model.UserData@157cc435, model.UserData@11c8455, model.UserData@5bd8fe92, model.UserData@2c6838d, model.UserData@25a1e6ed, model.UserData@3e3b0ae, model.UserData@7fec54a1, model.UserData@7526f268, model.UserData@1b1c9453, model.UserData@25c10e92, model.UserData@43c28095, model.UserData@39538a04, model.UserData@401bf34c, model.UserData@2b97a8ce, model.UserData@48329d68, model.UserData@33c4461, model.UserData@421f0b41, model.UserData@33303c6f, model.UserData@12320152, model.UserData@70036767, model.UserData@9204448, model.UserData@632aaa40, model.UserData@2baebec3, model.UserData@72f0d981, model.UserData@453dd64c, model.UserData@359b48ef, model.UserData@7c339746, model.UserData@1732e244, model.UserData@2266ade4, model.UserData@6ce42366, model.UserData@4f54e8d6, model.UserData@5e9b1f1f, model.UserData@88c8b0a, model.UserData@7a927315, model.UserData@226393eb, model.UserData@450b8e81, model.UserData@1ad83f53, model.UserData@2ac80d46, model.UserData@3dee8c61, model.UserData@66e3bb73, model.UserData@3f9a140b, model.UserData@35825814, model.UserData@7a132385, model.UserData@7a4ec33, model.UserData@f3c5aa6, model.UserData@752084ba, model.UserData@7ade4142, model.UserData@bd91244, model.UserData@8b45d1c, model.UserData@c35879c, model.UserData@1a836d2a, model.UserData@6aac3901, model.UserData@30f01f5f, model.UserData@22d14f61, model.UserData@11ac9c1c, model.UserData@6135648c, model.UserData@2d5116eb, model.UserData@68b3190f, model.UserData@106561da, model.UserData@a1005d2, model.UserData@51e30420, model.UserData@70bf217b, model.UserData@2d6508ae, model.UserData@38bec45, model.UserData@112c32fc, model.UserData@13c38416, model.UserData@29d65a03, model.UserData@1ed43b02, model.UserData@5fc4881c, model.UserData@30902949, model.UserData@1b0b36d2, model.UserData@17424098, model.UserData@61c1061a, model.UserData@47d00c0e, model.UserData@24f7f129, model.UserData@1344109a, model.UserData@3107dee7, model.UserData@6d549abc, model.UserData@1f4f4aa2, model.UserData@2cbe4753, model.UserData@469c398, model.UserData@e4789b5, model.UserData@204f13bd, model.UserData@54b47d40, model.UserData@7fd0ae25, model.UserData@25d6de2e, model.UserData@226b8991, model.UserData@5737b4c9, model.UserData@41d11a2f, model.UserData@715e50a1]] but found [[model.UserData@68a904a8, model.UserData@51444940, model.UserData@175097c, model.UserData@12b8d4b3, model.UserData@47166f1a, model.UserData@617e0972, model.UserData@3d3cfd32, model.UserData@6122472d, model.UserData@661876, model.UserData@766db27e, model.UserData@3cb85ca3, model.UserData@72ebd8f0, model.UserData@5e84369a, model.UserData@6d09a716, model.UserData@4654a276, model.UserData@5b65974c, model.UserData@2af15ada, model.UserData@65eeabc3, model.UserData@6f621350, model.UserData@6c4a1478, model.UserData@27b764d, model.UserData@4cd2b0e5, model.UserData@216eb359, model.UserData@519759af, model.UserData@31e6fddd, model.UserData@133d3100, model.UserData@56d2b6ef, model.UserData@40dcace3, model.UserData@2772c736, model.UserData@2a7cda37, model.UserData@639a37d6, model.UserData@798d43df, model.UserData@6a159a41, model.UserData@5b351160, model.UserData@65e955bf, model.UserData@6abd48ea, model.UserData@1767c73d, model.UserData@e60243b, model.UserData@58c80895, model.UserData@11313355, model.UserData@62edd084, model.UserData@5a2c9446, model.UserData@6cf0669c, model.UserData@4ff2799e, model.UserData@6573430b, model.UserData@c05087d, model.UserData@51096f73, model.UserData@4aa3a2d8, model.UserData@2ce3429d, model.UserData@142d42ad, model.UserData@87008f1, model.UserData@6912fd90, model.UserData@317e1dfd, model.UserData@3efaee79, model.UserData@6179cdf1, model.UserData@55ce2f42, model.UserData@3aa88e25, model.UserData@241e7e90, model.UserData@5f7a77f5, model.UserData@4f62e3ed, model.UserData@7ffc396c, model.UserData@6af57c63, model.UserData@744bfcd0, model.UserData@28a62a3a, model.UserData@2db2552f, model.UserData@6430d6ae, model.UserData@4cf0126f, model.UserData@1d7acbda, model.UserData@4e6a1acb, model.UserData@6ab9e018, model.UserData@7c2a188b, model.UserData@16356a97, model.UserData@6a9dd038, model.UserData@50be8c18, model.UserData@16fb7a53, model.UserData@6c3486a, model.UserData@134a97e0, model.UserData@3edc3476, model.UserData@2d7be1d4, model.UserData@33baad0a, model.UserData@7ee46c57, model.UserData@51b01706, model.UserData@3c7fe4c9, model.UserData@5febcd52, model.UserData@764428fd, model.UserData@bc3f57e, model.UserData@4ba0e51e, model.UserData@76f12e4f, model.UserData@577a81c5, model.UserData@3507c1c2, model.UserData@7fbe5d7b, model.UserData@217197bb, model.UserData@7c52429c, model.UserData@2b6d05a3, model.UserData@e7f1aa8, model.UserData@4e55168d, model.UserData@20542e8e, model.UserData@32bdf067, model.UserData@5c7c8ca2, model.UserData@258df553, model.UserData@7780835e, model.UserData@b975b48, model.UserData@2684c466, model.UserData@28f10213, model.UserData@e850463, model.UserData@59f5bf1c, model.UserData@488ae67a, model.UserData@42adadb, model.UserData@304d94bc, model.UserData@4c3908ce, model.UserData@318acf73, model.UserData@54abde52, model.UserData@4a81654, model.UserData@dc1073f, model.UserData@36a0d3a1, model.UserData@3cf2a1f0, model.UserData@55a628a3, model.UserData@365c3954, model.UserData@7356565a, model.UserData@655e344e, model.UserData@697ff86d, model.UserData@7af2c3e0, model.UserData@2c50e544, model.UserData@339062c, model.UserData@272d6436, model.UserData@7997ac89, model.UserData@7bfcf4dd, model.UserData@4a8f87ab, model.UserData@61bff098, model.UserData@7921800c, model.UserData@7364424a, model.UserData@63b86682, model.UserData@17d0a47, model.UserData@3789f6b4, model.UserData@1011852e, model.UserData@24643524, model.UserData@8b55ff1, model.UserData@758ac1d, model.UserData@1c85cbce, model.UserData@6c5ffb14, model.UserData@605dbb10, model.UserData@7bc98887, model.UserData@7c9e4bce, model.UserData@707c632e, model.UserData@72086b5a, model.UserData@727fc92c, model.UserData@3a631f36, model.UserData@42144941, model.UserData@2f243072, model.UserData@7661f539, model.UserData@1fe7cabd, model.UserData@7cdbf981, model.UserData@339744c9, model.UserData@68929e9, model.UserData@59a750c3, model.UserData@7bf2d296, model.UserData@2d1eb878, model.UserData@64dcf7b6, model.UserData@60543b3e, model.UserData@648473ee, model.UserData@45c1aeaa, model.UserData@2e9b382, model.UserData@13c31cac, model.UserData@749f77ef, model.UserData@86db51e, model.UserData@58f72384, model.UserData@3d62b217, model.UserData@6f8334f4, model.UserData@338bdcf2, model.UserData@377e8203, model.UserData@2d56ded4, model.UserData@5361aee4, model.UserData@706295e4, model.UserData@314a00cc, model.UserData@3fdeba59, model.UserData@1cc8ad40, model.UserData@3329f4a0, model.UserData@70dee80, model.UserData@469bb10a, model.UserData@11ff906d, model.UserData@68968b04, model.UserData@884d510, model.UserData@33eb847e, model.UserData@cdde74a, model.UserData@4b9cee05, model.UserData@31ecae75, model.UserData@2d8c582c, model.UserData@2d049ea5, model.UserData@60ab3b0f, model.UserData@1fece049, model.UserData@2620bd87, model.UserData@34f3ee5, model.UserData@56fedb54, model.UserData@76054bae, model.UserData@6cb4c718, model.UserData@64e66f4b, model.UserData@aec703, model.UserData@6aff8d50, model.UserData@5305f8b3, model.UserData@47abc41d, model.UserData@2ab8f1c, model.UserData@5fb7a800, model.UserData@2bde5e65, model.UserData@703aa581, model.UserData@7e1c73a0, model.UserData@374072fc, model.UserData@5bb73c0a, model.UserData@6cad774, model.UserData@5fa6e218, model.UserData@7f3c6c82, model.UserData@575a329e, model.UserData@1959689f, model.UserData@37c0e610, model.UserData@622991f8, model.UserData@328f555c, model.UserData@16b33d64, model.UserData@d6bc8b6, model.UserData@32a3d37e, model.UserData@cddc900, model.UserData@2e97bf49, model.UserData@56430fa3, model.UserData@40df7d3f, model.UserData@31d76436, model.UserData@1c0381e2, model.UserData@3d8ab669, model.UserData@49304ad6, model.UserData@d9fb874, model.UserData@2d1d06f1, model.UserData@67ea3c04, model.UserData@7dd8d829, model.UserData@481165e6]]" type="java.lang.AssertionError">java.lang.AssertionError: List of groups after deletion is not equal to ethalon! expected [[model.UserData@42607862, model.UserData@4a882a8b, model.UserData@3048864b, model.UserData@40856680, model.UserData@62c61cc0, model.UserData@75857d8d, model.UserData@5ec11ecd, model.UserData@4e72da7f, model.UserData@2818f40c, model.UserData@7099d68d, model.UserData@23491750, model.UserData@23d3e1c9, model.UserData@586f7273, model.UserData@1636a02b, model.UserData@3d717b55, model.UserData@733e691b, model.UserData@31cd91e5, model.UserData@363ca211, model.UserData@1bc54deb, model.UserData@1b74d147, model.UserData@5a3df809, model.UserData@7af4a8c3, model.UserData@38d5bee8, model.UserData@5856da14, model.UserData@34032041, model.UserData@6e1c4a5b, model.UserData@72b590f2, model.UserData@5b745f0, model.UserData@7171d539, model.UserData@28816cc8, model.UserData@229a98d0, model.UserData@1ee6e6aa, model.UserData@7a5ba417, model.UserData@aba24f4, model.UserData@3b33237c, model.UserData@6f760d22, model.UserData@38eb82b3, model.UserData@73738f29, model.UserData@68f946a3, model.UserData@4dc4e19e, model.UserData@76ce2895, model.UserData@f65b139, model.UserData@70943ac8, model.UserData@7c72e82c, model.UserData@5319937b, model.UserData@106e220c, model.UserData@4ce06e83, model.UserData@20a0dec4, model.UserData@403be25e, model.UserData@600d566b, model.UserData@6d730d19, model.UserData@78335a5d, model.UserData@51ce49bf, model.UserData@71a6fbd5, model.UserData@5153f66, model.UserData@4ef44087, model.UserData@1f6f0d1c, model.UserData@47afadd9, model.UserData@40f4ee89, model.UserData@3d51c1d1, model.UserData@1c948814, model.UserData@36fa6e78, model.UserData@30adf22b, model.UserData@4caa0c22, model.UserData@6857fadb, model.UserData@53aea520, model.UserData@5efa5668, model.UserData@5ae30e71, model.UserData@25c6b152, model.UserData@57a28939, model.UserData@435e79c2, model.UserData@3de6e546, model.UserData@3e3bd40, model.UserData@149bf83c, model.UserData@625f56f6, model.UserData@5e0216a8, model.UserData@44791ad5, model.UserData@fe7a948, model.UserData@3b9d792f, model.UserData@152e039a, model.UserData@7dc36179, model.UserData@7bdd4f66, model.UserData@580258b9, model.UserData@7e99e625, model.UserData@7c960c2b, model.UserData@3a9ff621, model.UserData@637841b8, model.UserData@562a22e8, model.UserData@3689da4e, model.UserData@2e7492b3, model.UserData@1b2801e0, model.UserData@2b7b09b2, model.UserData@24afac65, model.UserData@58fc5c30, model.UserData@f80cd4f, model.UserData@32f69824, model.UserData@b1225c1, model.UserData@1532787, model.UserData@707894af, model.UserData@7bae0375, model.UserData@7f593f82, model.UserData@74af1273, model.UserData@31f22f2c, model.UserData@6c2932cd, model.UserData@5489746d, model.UserData@598c8969, model.UserData@c4a72ac, model.UserData@2bc20132, model.UserData@259fe96c, model.UserData@626e509d, model.UserData@221ea8ea, model.UserData@7ff92f0c, model.UserData@5e77148e, model.UserData@23251ddc, model.UserData@34e6781d, model.UserData@7c4c1eb7, model.UserData@2c581c7, model.UserData@424aa948, model.UserData@3378ea7c, model.UserData@6ff780f3, model.UserData@7cf043f6, model.UserData@6ad4f3de, model.UserData@6daf1d1, model.UserData@60367b27, model.UserData@2ef1d1e3, model.UserData@58a859bb, model.UserData@6da2a6b5, model.UserData@2304941f, model.UserData@3d581447, model.UserData@3f95ceb5, model.UserData@6647e965, model.UserData@748f39a4, model.UserData@349b95ad, model.UserData@60ef65d9, model.UserData@43dffae9, model.UserData@2a8b55b3, model.UserData@1f19ba21, model.UserData@2cee4fd5, model.UserData@67fa1cc7, model.UserData@2b87b4b8, model.UserData@68a89fe1, model.UserData@157cc435, model.UserData@11c8455, model.UserData@5bd8fe92, model.UserData@2c6838d, model.UserData@25a1e6ed, model.UserData@3e3b0ae, model.UserData@7fec54a1, model.UserData@7526f268, model.UserData@1b1c9453, model.UserData@25c10e92, model.UserData@43c28095, model.UserData@39538a04, model.UserData@401bf34c, model.UserData@2b97a8ce, model.UserData@48329d68, model.UserData@33c4461, model.UserData@421f0b41, model.UserData@33303c6f, model.UserData@12320152, model.UserData@70036767, model.UserData@9204448, model.UserData@632aaa40, model.UserData@2baebec3, model.UserData@72f0d981, model.UserData@453dd64c, model.UserData@359b48ef, model.UserData@7c339746, model.UserData@1732e244, model.UserData@2266ade4, model.UserData@6ce42366, model.UserData@4f54e8d6, model.UserData@5e9b1f1f, model.UserData@88c8b0a, model.UserData@7a927315, model.UserData@226393eb, model.UserData@450b8e81, model.UserData@1ad83f53, model.UserData@2ac80d46, model.UserData@3dee8c61, model.UserData@66e3bb73, model.UserData@3f9a140b, model.UserData@35825814, model.UserData@7a132385, model.UserData@7a4ec33, model.UserData@f3c5aa6, model.UserData@752084ba, model.UserData@7ade4142, model.UserData@bd91244, model.UserData@8b45d1c, model.UserData@c35879c, model.UserData@1a836d2a, model.UserData@6aac3901, model.UserData@30f01f5f, model.UserData@22d14f61, model.UserData@11ac9c1c, model.UserData@6135648c, model.UserData@2d5116eb, model.UserData@68b3190f, model.UserData@106561da, model.UserData@a1005d2, model.UserData@51e30420, model.UserData@70bf217b, model.UserData@2d6508ae, model.UserData@38bec45, model.UserData@112c32fc, model.UserData@13c38416, model.UserData@29d65a03, model.UserData@1ed43b02, model.UserData@5fc4881c, model.UserData@30902949, model.UserData@1b0b36d2, model.UserData@17424098, model.UserData@61c1061a, model.UserData@47d00c0e, model.UserData@24f7f129, model.UserData@1344109a, model.UserData@3107dee7, model.UserData@6d549abc, model.UserData@1f4f4aa2, model.UserData@2cbe4753, model.UserData@469c398, model.UserData@e4789b5, model.UserData@204f13bd, model.UserData@54b47d40, model.UserData@7fd0ae25, model.UserData@25d6de2e, model.UserData@226b8991, model.UserData@5737b4c9, model.UserData@41d11a2f, model.UserData@715e50a1]] but found [[model.UserData@68a904a8, model.UserData@51444940, model.UserData@175097c, model.UserData@12b8d4b3, model.UserData@47166f1a, model.UserData@617e0972, model.UserData@3d3cfd32, model.UserData@6122472d, model.UserData@661876, model.UserData@766db27e, model.UserData@3cb85ca3, model.UserData@72ebd8f0, model.UserData@5e84369a, model.UserData@6d09a716, model.UserData@4654a276, model.UserData@5b65974c, model.UserData@2af15ada, model.UserData@65eeabc3, model.UserData@6f621350, model.UserData@6c4a1478, model.UserData@27b764d, model.UserData@4cd2b0e5, model.UserData@216eb359, model.UserData@519759af, model.UserData@31e6fddd, model.UserData@133d3100, model.UserData@56d2b6ef, model.UserData@40dcace3, model.UserData@2772c736, model.UserData@2a7cda37, model.UserData@639a37d6, model.UserData@798d43df, model.UserData@6a159a41, model.UserData@5b351160, model.UserData@65e955bf, model.UserData@6abd48ea, model.UserData@1767c73d, model.UserData@e60243b, model.UserData@58c80895, model.UserData@11313355, model.UserData@62edd084, model.UserData@5a2c9446, model.UserData@6cf0669c, model.UserData@4ff2799e, model.UserData@6573430b, model.UserData@c05087d, model.UserData@51096f73, model.UserData@4aa3a2d8, model.UserData@2ce3429d, model.UserData@142d42ad, model.UserData@87008f1, model.UserData@6912fd90, model.UserData@317e1dfd, model.UserData@3efaee79, model.UserData@6179cdf1, model.UserData@55ce2f42, model.UserData@3aa88e25, model.UserData@241e7e90, model.UserData@5f7a77f5, model.UserData@4f62e3ed, model.UserData@7ffc396c, model.UserData@6af57c63, model.UserData@744bfcd0, model.UserData@28a62a3a, model.UserData@2db2552f, model.UserData@6430d6ae, model.UserData@4cf0126f, model.UserData@1d7acbda, model.UserData@4e6a1acb, model.UserData@6ab9e018, model.UserData@7c2a188b, model.UserData@16356a97, model.UserData@6a9dd038, model.UserData@50be8c18, model.UserData@16fb7a53, model.UserData@6c3486a, model.UserData@134a97e0, model.UserData@3edc3476, model.UserData@2d7be1d4, model.UserData@33baad0a, model.UserData@7ee46c57, model.UserData@51b01706, model.UserData@3c7fe4c9, model.UserData@5febcd52, model.UserData@764428fd, model.UserData@bc3f57e, model.UserData@4ba0e51e, model.UserData@76f12e4f, model.UserData@577a81c5, model.UserData@3507c1c2, model.UserData@7fbe5d7b, model.UserData@217197bb, model.UserData@7c52429c, model.UserData@2b6d05a3, model.UserData@e7f1aa8, model.UserData@4e55168d, model.UserData@20542e8e, model.UserData@32bdf067, model.UserData@5c7c8ca2, model.UserData@258df553, model.UserData@7780835e, model.UserData@b975b48, model.UserData@2684c466, model.UserData@28f10213, model.UserData@e850463, model.UserData@59f5bf1c, model.UserData@488ae67a, model.UserData@42adadb, model.UserData@304d94bc, model.UserData@4c3908ce, model.UserData@318acf73, model.UserData@54abde52, model.UserData@4a81654, model.UserData@dc1073f, model.UserData@36a0d3a1, model.UserData@3cf2a1f0, model.UserData@55a628a3, model.UserData@365c3954, model.UserData@7356565a, model.UserData@655e344e, model.UserData@697ff86d, model.UserData@7af2c3e0, model.UserData@2c50e544, model.UserData@339062c, model.UserData@272d6436, model.UserData@7997ac89, model.UserData@7bfcf4dd, model.UserData@4a8f87ab, model.UserData@61bff098, model.UserData@7921800c, model.UserData@7364424a, model.UserData@63b86682, model.UserData@17d0a47, model.UserData@3789f6b4, model.UserData@1011852e, model.UserData@24643524, model.UserData@8b55ff1, model.UserData@758ac1d, model.UserData@1c85cbce, model.UserData@6c5ffb14, model.UserData@605dbb10, model.UserData@7bc98887, model.UserData@7c9e4bce, model.UserData@707c632e, model.UserData@72086b5a, model.UserData@727fc92c, model.UserData@3a631f36, model.UserData@42144941, model.UserData@2f243072, model.UserData@7661f539, model.UserData@1fe7cabd, model.UserData@7cdbf981, model.UserData@339744c9, model.UserData@68929e9, model.UserData@59a750c3, model.UserData@7bf2d296, model.UserData@2d1eb878, model.UserData@64dcf7b6, model.UserData@60543b3e, model.UserData@648473ee, model.UserData@45c1aeaa, model.UserData@2e9b382, model.UserData@13c31cac, model.UserData@749f77ef, model.UserData@86db51e, model.UserData@58f72384, model.UserData@3d62b217, model.UserData@6f8334f4, model.UserData@338bdcf2, model.UserData@377e8203, model.UserData@2d56ded4, model.UserData@5361aee4, model.UserData@706295e4, model.UserData@314a00cc, model.UserData@3fdeba59, model.UserData@1cc8ad40, model.UserData@3329f4a0, model.UserData@70dee80, model.UserData@469bb10a, model.UserData@11ff906d, model.UserData@68968b04, model.UserData@884d510, model.UserData@33eb847e, model.UserData@cdde74a, model.UserData@4b9cee05, model.UserData@31ecae75, model.UserData@2d8c582c, model.UserData@2d049ea5, model.UserData@60ab3b0f, model.UserData@1fece049, model.UserData@2620bd87, model.UserData@34f3ee5, model.UserData@56fedb54, model.UserData@76054bae, model.UserData@6cb4c718, model.UserData@64e66f4b, model.UserData@aec703, model.UserData@6aff8d50, model.UserData@5305f8b3, model.UserData@47abc41d, model.UserData@2ab8f1c, model.UserData@5fb7a800, model.UserData@2bde5e65, model.UserData@703aa581, model.UserData@7e1c73a0, model.UserData@374072fc, model.UserData@5bb73c0a, model.UserData@6cad774, model.UserData@5fa6e218, model.UserData@7f3c6c82, model.UserData@575a329e, model.UserData@1959689f, model.UserData@37c0e610, model.UserData@622991f8, model.UserData@328f555c, model.UserData@16b33d64, model.UserData@d6bc8b6, model.UserData@32a3d37e, model.UserData@cddc900, model.UserData@2e97bf49, model.UserData@56430fa3, model.UserData@40df7d3f, model.UserData@31d76436, model.UserData@1c0381e2, model.UserData@3d8ab669, model.UserData@49304ad6, model.UserData@d9fb874, model.UserData@2d1d06f1, model.UserData@67ea3c04, model.UserData@7dd8d829, model.UserData@481165e6]]
	at org.testng.Assert.fail(Assert.java:93)
	at org.testng.Assert.failNotEquals(Assert.java:512)
	at org.testng.Assert.assertEquals(Assert.java:784)
	at tests.UserDeletionTests.testGroupModification(UserDeletionTests.java:46)
	at sun.reflect.NativeMethodAccessorImpl.invoke0(Native Method)
	at sun.reflect.NativeMethodAccessorImpl.invoke(NativeMethodAccessorImpl.java:62)
	at sun.reflect.DelegatingMethodAccessorImpl.invoke(DelegatingMethodAccessorImpl.java:43)
	at java.lang.reflect.Method.invoke(Method.java:498)
	at org.testng.internal.MethodInvocationHelper.invokeMethod(MethodInvocationHelper.java:108)
	at org.testng.internal.Invoker.invokeMethod(Invoker.java:661)
	at org.testng.internal.Invoker.invokeTestMethod(Invoker.java:869)
	at org.testng.internal.Invoker.invokeTestMethods(Invoker.java:1193)
	at org.testng.internal.TestMethodWorker.invokeTestMethods(TestMethodWorker.java:126)
	at org.testng.internal.TestMethodWorker.run(TestMethodWorker.java:109)
	at org.testng.TestRunner.privateRun(TestRunner.java:744)
	at org.testng.TestRunner.run(TestRunner.java:602)
	at org.testng.SuiteRunner.runTest(SuiteRunner.java:380)
	at org.testng.SuiteRunner.runSequentially(SuiteRunner.java:375)
	at org.testng.SuiteRunner.privateRun(SuiteRunner.java:340)
	at org.testng.SuiteRunner.run(SuiteRunner.java:289)
	at org.testng.SuiteRunnerWorker.runSuite(SuiteRunnerWorker.java:52)
	at org.testng.SuiteRunnerWorker.run(SuiteRunnerWorker.java:86)
	at org.testng.TestNG.runSuitesSequentially(TestNG.java:1301)
	at org.testng.TestNG.runSuitesLocally(TestNG.java:1226)
	at org.testng.TestNG.runSuites(TestNG.java:1144)
	at org.testng.TestNG.run(TestNG.java:1115)
	at org.gradle.api.internal.tasks.testing.testng.TestNGTestClassProcessor.runTests(TestNGTestClassProcessor.java:129)
	at org.gradle.api.internal.tasks.testing.testng.TestNGTestClassProcessor.stop(TestNGTestClassProcessor.java:88)
	at org.gradle.api.internal.tasks.testing.SuiteTestClassProcessor.stop(SuiteTestClassProcessor.java:61)
	at sun.reflect.NativeMethodAccessorImpl.invoke0(Native Method)
	at sun.reflect.NativeMethodAccessorImpl.invoke(NativeMethodAccessorImpl.java:62)
	at sun.reflect.DelegatingMethodAccessorImpl.invoke(DelegatingMethodAccessorImpl.java:43)
	at java.lang.reflect.Method.invoke(Method.java:498)
	at org.gradle.internal.dispatch.ReflectionDispatch.dispatch(ReflectionDispatch.java:35)
	at org.gradle.internal.dispatch.ReflectionDispatch.dispatch(ReflectionDispatch.java:24)
	at org.gradle.internal.dispatch.ContextClassLoaderDispatch.dispatch(ContextClassLoaderDispatch.java:32)
	at org.gradle.internal.dispatch.ProxyDispatchAdapter$DispatchingInvocationHandler.invoke(ProxyDispatchAdapter.java:93)
	at com.sun.proxy.$Proxy1.stop(Unknown Source)
	at org.gradle.api.internal.tasks.testing.worker.TestWorker.stop(TestWorker.java:120)
	at sun.reflect.NativeMethodAccessorImpl.invoke0(Native Method)
	at sun.reflect.NativeMethodAccessorImpl.invoke(NativeMethodAccessorImpl.java:62)
	at sun.reflect.DelegatingMethodAccessorImpl.invoke(DelegatingMethodAccessorImpl.java:43)
	at java.lang.reflect.Method.invoke(Method.java:498)
	at org.gradle.internal.dispatch.ReflectionDispatch.dispatch(ReflectionDispatch.java:35)
	at org.gradle.internal.dispatch.ReflectionDispatch.dispatch(ReflectionDispatch.java:24)
	at org.gradle.internal.remote.internal.hub.MessageHubBackedObjectConnection$DispatchWrapper.dispatch(MessageHubBackedObjectConnection.java:146)
	at org.gradle.internal.remote.internal.hub.MessageHubBackedObjectConnection$DispatchWrapper.dispatch(MessageHubBackedObjectConnection.java:128)
	at org.gradle.internal.remote.internal.hub.MessageHub$Handler.run(MessageHub.java:404)
	at org.gradle.internal.concurrent.ExecutorPolicy$CatchAndRecordFailures.onExecute(ExecutorPolicy.java:63)
	at org.gradle.internal.concurrent.StoppableExecutorImpl$1.run(StoppableExecutorImpl.java:46)
	at java.util.concurrent.ThreadPoolExecutor.runWorker(ThreadPoolExecutor.java:1142)
	at java.util.concurrent.ThreadPoolExecutor$Worker.run(ThreadPoolExecutor.java:617)
	at org.gradle.internal.concurrent.ThreadFactoryImpl$ManagedThreadRunnable.run(ThreadFactoryImpl.java:55)
	at java.lang.Thread.run(Thread.java:745)
</failure>
  </testcase>
  <system-out><![CDATA[Р®Р—Р•Р  РѕС‚РєСЂС‹С‚ РЅР° РµРґРёС‚ 63133
]]></system-out>
  <system-err><![CDATA[]]></system-err>
</testsuite>
