<?xml version="1.0" encoding="UTF-8"?>
<testsuite name="tests.RestTests" tests="1" skipped="0" failures="0" errors="0" timestamp="2017-12-22T10:12:52" hostname="uasso-PC" time="10.199">
  <properties/>
  <testcase name="testCreateIssue" classname="tests.RestTests" time="10.199"/>
  <system-out><![CDATA[]]></system-out>
  <system-err><![CDATA[]]></system-err>
</testsuite>
